{"/Users/alexanderwu/Documents/Hack Reactor/HRSF129/hrsf129-front-end-capstone/service_photos/client/src/components/App.jsx": {"path":"/Users/alexanderwu/Documents/Hack Reactor/HRSF129/hrsf129-front-end-capstone/service_photos/client/src/components/App.jsx","statementMap":{"0":{"start":{"line":9,"column":4},"end":{"line":9,"column":17}},"1":{"start":{"line":10,"column":4},"end":{"line":15,"column":5}},"2":{"start":{"line":17,"column":4},"end":{"line":17,"column":55}},"3":{"start":{"line":18,"column":4},"end":{"line":18,"column":45}},"4":{"start":{"line":19,"column":4},"end":{"line":19,"column":47}},"5":{"start":{"line":23,"column":4},"end":{"line":29,"column":73}},"6":{"start":{"line":25,"column":6},"end":{"line":27,"column":8}},"7":{"start":{"line":29,"column":17},"end":{"line":29,"column":72}},"8":{"start":{"line":33,"column":4},"end":{"line":39,"column":73}},"9":{"start":{"line":35,"column":6},"end":{"line":37,"column":8}},"10":{"start":{"line":39,"column":17},"end":{"line":39,"column":72}},"11":{"start":{"line":43,"column":4},"end":{"line":49,"column":73}},"12":{"start":{"line":45,"column":6},"end":{"line":47,"column":8}},"13":{"start":{"line":49,"column":17},"end":{"line":49,"column":72}},"14":{"start":{"line":53,"column":21},"end":{"line":53,"column":112}},"15":{"start":{"line":54,"column":4},"end":{"line":54,"column":33}},"16":{"start":{"line":55,"column":4},"end":{"line":55,"column":28}},"17":{"start":{"line":56,"column":4},"end":{"line":56,"column":29}},"18":{"start":{"line":57,"column":4},"end":{"line":59,"column":6}},"19":{"start":{"line":63,"column":4},"end":{"line":67,"column":5}}},"fnMap":{"0":{"name":"(anonymous_0)","decl":{"start":{"line":8,"column":2},"end":{"line":8,"column":3}},"loc":{"start":{"line":8,"column":21},"end":{"line":20,"column":3}},"line":8},"1":{"name":"(anonymous_1)","decl":{"start":{"line":22,"column":2},"end":{"line":22,"column":3}},"loc":{"start":{"line":22,"column":26},"end":{"line":30,"column":3}},"line":22},"2":{"name":"(anonymous_2)","decl":{"start":{"line":24,"column":10},"end":{"line":24,"column":11}},"loc":{"start":{"line":24,"column":23},"end":{"line":28,"column":5}},"line":24},"3":{"name":"(anonymous_3)","decl":{"start":{"line":29,"column":11},"end":{"line":29,"column":12}},"loc":{"start":{"line":29,"column":17},"end":{"line":29,"column":72}},"line":29},"4":{"name":"(anonymous_4)","decl":{"start":{"line":32,"column":2},"end":{"line":32,"column":3}},"loc":{"start":{"line":32,"column":21},"end":{"line":40,"column":3}},"line":32},"5":{"name":"(anonymous_5)","decl":{"start":{"line":34,"column":10},"end":{"line":34,"column":11}},"loc":{"start":{"line":34,"column":23},"end":{"line":38,"column":5}},"line":34},"6":{"name":"(anonymous_6)","decl":{"start":{"line":39,"column":11},"end":{"line":39,"column":12}},"loc":{"start":{"line":39,"column":17},"end":{"line":39,"column":72}},"line":39},"7":{"name":"(anonymous_7)","decl":{"start":{"line":42,"column":2},"end":{"line":42,"column":3}},"loc":{"start":{"line":42,"column":22},"end":{"line":50,"column":3}},"line":42},"8":{"name":"(anonymous_8)","decl":{"start":{"line":44,"column":10},"end":{"line":44,"column":11}},"loc":{"start":{"line":44,"column":23},"end":{"line":48,"column":5}},"line":44},"9":{"name":"(anonymous_9)","decl":{"start":{"line":49,"column":11},"end":{"line":49,"column":12}},"loc":{"start":{"line":49,"column":17},"end":{"line":49,"column":72}},"line":49},"10":{"name":"(anonymous_10)","decl":{"start":{"line":52,"column":2},"end":{"line":52,"column":3}},"loc":{"start":{"line":52,"column":22},"end":{"line":60,"column":3}},"line":52},"11":{"name":"(anonymous_11)","decl":{"start":{"line":62,"column":2},"end":{"line":62,"column":3}},"loc":{"start":{"line":62,"column":11},"end":{"line":68,"column":3}},"line":62}},"branchMap":{"0":{"loc":{"start":{"line":53,"column":21},"end":{"line":53,"column":112}},"type":"cond-expr","locations":[{"start":{"line":53,"column":63},"end":{"line":53,"column":105}},{"start":{"line":53,"column":108},"end":{"line":53,"column":112}}],"line":53},"1":{"loc":{"start":{"line":65,"column":9},"end":{"line":65,"column":117}},"type":"cond-expr","locations":[{"start":{"line":65,"column":40},"end":{"line":65,"column":110}},{"start":{"line":65,"column":113},"end":{"line":65,"column":117}}],"line":65}},"s":{"0":1,"1":1,"2":1,"3":1,"4":1,"5":4,"6":0,"7":0,"8":4,"9":0,"10":0,"11":4,"12":0,"13":0,"14":4,"15":4,"16":4,"17":4,"18":4,"19":5},"f":{"0":1,"1":4,"2":0,"3":0,"4":4,"5":0,"6":0,"7":4,"8":0,"9":0,"10":4,"11":5},"b":{"0":[0,4],"1":[0,5]},"_coverageSchema":"1a1c01bbd47fc00a2c39e90264f33305004495a9","hash":"17aec9b639d8493a9a701ce3f16eca65daa0f71c"}
,"/Users/alexanderwu/Documents/Hack Reactor/HRSF129/hrsf129-front-end-capstone/service_photos/client/src/components/Description.jsx": {"path":"/Users/alexanderwu/Documents/Hack Reactor/HRSF129/hrsf129-front-end-capstone/service_photos/client/src/components/Description.jsx","statementMap":{"0":{"start":{"line":4,"column":16},"end":{"line":17,"column":1}},"1":{"start":{"line":19,"column":17},"end":{"line":27,"column":1}},"2":{"start":{"line":29,"column":12},"end":{"line":32,"column":1}},"3":{"start":{"line":34,"column":17},"end":{"line":39,"column":1}},"4":{"start":{"line":41,"column":14},"end":{"line":47,"column":1}},"5":{"start":{"line":49,"column":15},"end":{"line":59,"column":1}},"6":{"start":{"line":61,"column":17},"end":{"line":70,"column":1}},"7":{"start":{"line":72,"column":18},"end":{"line":83,"column":1}},"8":{"start":{"line":87,"column":2},"end":{"line":102,"column":3}}},"fnMap":{"0":{"name":"Description","decl":{"start":{"line":85,"column":9},"end":{"line":85,"column":20}},"loc":{"start":{"line":85,"column":28},"end":{"line":103,"column":1}},"line":85}},"branchMap":{"0":{"loc":{"start":{"line":97,"column":24},"end":{"line":97,"column":74}},"type":"cond-expr","locations":[{"start":{"line":97,"column":56},"end":{"line":97,"column":67}},{"start":{"line":97,"column":70},"end":{"line":97,"column":74}}],"line":97}},"s":{"0":3,"1":3,"2":3,"3":3,"4":3,"5":3,"6":3,"7":3,"8":2},"f":{"0":2},"b":{"0":[2,0]},"_coverageSchema":"1a1c01bbd47fc00a2c39e90264f33305004495a9","hash":"76f0b05cd199d0670b937300f37cd293c43efb0d"}
,"/Users/alexanderwu/Documents/Hack Reactor/HRSF129/hrsf129-front-end-capstone/service_photos/client/src/components/LandingPage.jsx": {"path":"/Users/alexanderwu/Documents/Hack Reactor/HRSF129/hrsf129-front-end-capstone/service_photos/client/src/components/LandingPage.jsx","statementMap":{"0":{"start":{"line":6,"column":2},"end":{"line":11,"column":3}}},"fnMap":{"0":{"name":"LandingPage","decl":{"start":{"line":5,"column":9},"end":{"line":5,"column":20}},"loc":{"start":{"line":5,"column":28},"end":{"line":12,"column":1}},"line":5}},"branchMap":{},"s":{"0":1},"f":{"0":1},"b":{},"_coverageSchema":"1a1c01bbd47fc00a2c39e90264f33305004495a9","hash":"492be269a8f3eaca8faf07a1a5d92dd5c0ed035f"}
,"/Users/alexanderwu/Documents/Hack Reactor/HRSF129/hrsf129-front-end-capstone/service_photos/client/src/components/MainPhotos.jsx": {"path":"/Users/alexanderwu/Documents/Hack Reactor/HRSF129/hrsf129-front-end-capstone/service_photos/client/src/components/MainPhotos.jsx","statementMap":{"0":{"start":{"line":4,"column":17},"end":{"line":17,"column":1}},"1":{"start":{"line":19,"column":17},"end":{"line":27,"column":1}},"2":{"start":{"line":30,"column":2},"end":{"line":41,"column":3}}},"fnMap":{"0":{"name":"MainPhotos","decl":{"start":{"line":29,"column":9},"end":{"line":29,"column":19}},"loc":{"start":{"line":29,"column":27},"end":{"line":42,"column":1}},"line":29}},"branchMap":{},"s":{"0":3,"1":3,"2":2},"f":{"0":2},"b":{},"_coverageSchema":"1a1c01bbd47fc00a2c39e90264f33305004495a9","hash":"cb97600f67a1d679223f91aae516a00a45ec1ff9"}
}
