TN:
SF:client/src/components/App.jsx
FN:8,(anonymous_0)
FN:22,(anonymous_1)
FN:24,(anonymous_2)
FN:29,(anonymous_3)
FN:32,(anonymous_4)
FN:34,(anonymous_5)
FN:39,(anonymous_6)
FN:42,(anonymous_7)
FN:44,(anonymous_8)
FN:49,(anonymous_9)
FN:52,(anonymous_10)
FN:62,(anonymous_11)
FNF:12
FNH:6
FNDA:1,(anonymous_0)
FNDA:4,(anonymous_1)
FNDA:0,(anonymous_2)
FNDA:0,(anonymous_3)
FNDA:4,(anonymous_4)
FNDA:0,(anonymous_5)
FNDA:0,(anonymous_6)
FNDA:4,(anonymous_7)
FNDA:0,(anonymous_8)
FNDA:0,(anonymous_9)
FNDA:4,(anonymous_10)
FNDA:5,(anonymous_11)
DA:9,1
DA:10,1
DA:17,1
DA:18,1
DA:19,1
DA:23,4
DA:25,0
DA:29,0
DA:33,4
DA:35,0
DA:39,0
DA:43,4
DA:45,0
DA:49,0
DA:53,4
DA:54,4
DA:55,4
DA:56,4
DA:57,4
DA:63,5
LF:20
LH:14
BRDA:53,0,0,0
BRDA:53,0,1,4
BRDA:65,1,0,0
BRDA:65,1,1,5
BRF:4
BRH:2
end_of_record
TN:
SF:client/src/components/Description.jsx
FN:85,Description
FNF:1
FNH:1
FNDA:2,Description
DA:4,3
DA:19,3
DA:29,3
DA:34,3
DA:41,3
DA:49,3
DA:61,3
DA:72,3
DA:87,2
LF:9
LH:9
BRDA:97,0,0,2
BRDA:97,0,1,0
BRF:2
BRH:1
end_of_record
TN:
SF:client/src/components/LandingPage.jsx
FN:5,LandingPage
FNF:1
FNH:1
FNDA:1,LandingPage
DA:6,1
LF:1
LH:1
BRF:0
BRH:0
end_of_record
TN:
SF:client/src/components/MainPhotos.jsx
FN:29,MainPhotos
FNF:1
FNH:1
FNDA:2,MainPhotos
DA:4,3
DA:19,3
DA:30,2
LF:3
LH:3
BRF:0
BRH:0
end_of_record
